Build started 3/4/2013 12:36:28 PM.
     1>Project "G:\_CS_A150_TODAY\_Day_1\08_Multidimensional_Arrays\08_two_dimensional_arrays\Project\Project.vcxproj" on node 2 (build target(s)).
     1>InitializeBuildStatus:
         Creating "Debug\Project.unsuccessfulbuild" because "AlwaysCreate" was specified.
       ClCompile:
         C:\Program Files (x86)\Microsoft Visual Studio 10.0\VC\bin\CL.exe /c /ZI /nologo /W3 /WX- /Od /Oy- /D _MBCS /Gm /EHsc /RTC1 /MDd /GS /fp:precise /Zc:wchar_t /Zc:forScope /Fo"Debug\\" /Fd"Debug\vc100.pdb" /Gd /TP /analyze- /errorReport:prompt Main.cpp
         Main.cpp
       Link:
         C:\Program Files (x86)\Microsoft Visual Studio 10.0\VC\bin\link.exe /ERRORREPORT:PROMPT /OUT:"G:\_CS_A150_TODAY\_Day_1\08_Multidimensional_Arrays\08_two_dimensional_arrays\Debug\Project.exe" /NOLOGO kernel32.lib user32.lib gdi32.lib winspool.lib comdlg32.lib advapi32.lib shell32.lib ole32.lib oleaut32.lib uuid.lib odbc32.lib odbccp32.lib /MANIFEST /ManifestFile:"Debug\Project.exe.intermediate.manifest" /MANIFESTUAC:"level='asInvoker' uiAccess='false'" /DEBUG /PDB:"G:\_CS_A150_TODAY\_Day_1\08_Multidimensional_Arrays\08_two_dimensional_arrays\Debug\Project.pdb" /TLBID:1 /DYNAMICBASE /NXCOMPAT /IMPLIB:"G:\_CS_A150_TODAY\_Day_1\08_Multidimensional_Arrays\08_two_dimensional_arrays\Debug\Project.lib" /MACHINE:X86 Debug\Main.obj
         LINK : G:\_CS_A150_TODAY\_Day_1\08_Multidimensional_Arrays\08_two_dimensional_arrays\Debug\Project.exe not found or not built by the last incremental link; performing full link
     1>Main.obj : error LNK2019: unresolved external symbol "void __cdecl computeStAve(int (* const)[3],double * const)" (?computeStAve@@YAXQAY02HQAN@Z) referenced in function _main
     1>G:\_CS_A150_TODAY\_Day_1\08_Multidimensional_Arrays\08_two_dimensional_arrays\Debug\Project.exe : fatal error LNK1120: 1 unresolved externals
     1>Done Building Project "G:\_CS_A150_TODAY\_Day_1\08_Multidimensional_Arrays\08_two_dimensional_arrays\Project\Project.vcxproj" (build target(s)) -- FAILED.

Build FAILED.

Time Elapsed 00:00:06.19
